ERC report (Sun 05 Sep 2021 19:08:51, Encoding UTF8)

***** Sheet /

***** Sheet /Power rails/

***** Sheet /Power management/
[lib_symbol_issues]: Symbol 'AO3401A' has been modified in library 'Transistor_FET'.
    ; Severity: warning (excluded)
    @(107.31 mm, 47.62 mm): Symbol Q1 [AO3401A]
[pin_to_pin]: Pins of type Power output and Power output are connected
    ; Severity: error (excluded)
    @(63.50 mm, 82.55 mm): Symbol U5 [MCP73833] Pin 9 [VBat, Power output, Line]
    @(63.50 mm, 82.55 mm): Symbol U5 [MCP73833] Pin 10 [VBat, Power output, Line]
[power_pin_not_driven]: Input Power pin not driven by any Output Power pins
    ; Severity: error (excluded)
    @(44.45 mm, 82.55 mm): Symbol U5 [MCP73833] Pin 2 [VDD, Power input, Line]

***** Sheet /User interface/

***** Sheet /USB-TTL/
[lib_symbol_issues]: Symbol 'CH340C' has been modified in library 'Interface_USB'.
    ; Severity: warning (excluded)
    @(116.20 mm, 38.10 mm): Symbol U3 [CH340C]
[power_pin_not_driven]: Input Power pin not driven by any Output Power pins
    ; Severity: error (excluded)
    @(67.94 mm, 20.95 mm): Symbol #PWR0179 [+3.3V] Pin 1 [+3V3, Power input, Line]

 ** ERC messages: 5  Errors 3  Warnings 2
